<?xml version="1.0" encoding="UTF-8"?>
<coverage generated="1653405493610" clover="3.2.0">
  <project timestamp="1653405493610" name="All files">
    <metrics statements="13" coveredstatements="13" conditionals="9" coveredconditionals="9" methods="3" coveredmethods="3" elements="25" coveredelements="25" complexity="0" loc="13" ncloc="13" packages="1" files="1" classes="1"/>
    <file name="BankAccount.js" path="/Users/monicanavarro/Documents/repositories/bank_tech_test/src/BankAccount.js">
      <metrics statements="13" coveredstatements="13" conditionals="9" coveredconditionals="9" methods="3" coveredmethods="3"/>
      <line num="1" count="1" type="stmt"/>
      <line num="5" count="1" type="stmt"/>
      <line num="6" count="1" type="stmt"/>
      <line num="10" count="3" type="stmt"/>
      <line num="11" count="2" type="cond" truecount="2" falsecount="0"/>
      <line num="12" count="2" type="stmt"/>
      <line num="16" count="1" type="stmt"/>
      <line num="20" count="2" type="stmt"/>
      <line num="28" count="4" type="cond" truecount="2" falsecount="0"/>
      <line num="29" count="3" type="stmt"/>
      <line num="33" count="3" type="cond" truecount="4" falsecount="0"/>
      <line num="34" count="1" type="stmt"/>
      <line num="38" count="1" type="stmt"/>
    </file>
  </project>
</coverage>
