{"/Users/monicanavarro/Documents/repositories/bank_tech_test/src/BankAccount.js": {"path":"/Users/monicanavarro/Documents/repositories/bank_tech_test/src/BankAccount.js","statementMap":{"0":{"start":{"line":1,"column":22},"end":{"line":1,"column":53}},"1":{"start":{"line":5,"column":4},"end":{"line":5,"column":39}},"2":{"start":{"line":6,"column":4},"end":{"line":6,"column":27}},"3":{"start":{"line":10,"column":4},"end":{"line":10,"column":32}},"4":{"start":{"line":11,"column":17},"end":{"line":11,"column":45}},"5":{"start":{"line":12,"column":4},"end":{"line":12,"column":41}},"6":{"start":{"line":16,"column":4},"end":{"line":16,"column":61}},"7":{"start":{"line":20,"column":4},"end":{"line":24,"column":7}},"8":{"start":{"line":28,"column":4},"end":{"line":28,"column":51}},"9":{"start":{"line":28,"column":40},"end":{"line":28,"column":51}},"10":{"start":{"line":29,"column":4},"end":{"line":29,"column":73}},"11":{"start":{"line":33,"column":4},"end":{"line":34,"column":65}},"12":{"start":{"line":34,"column":4},"end":{"line":34,"column":65}},"13":{"start":{"line":38,"column":0},"end":{"line":38,"column":29}}},"fnMap":{"0":{"name":"(anonymous_0)","decl":{"start":{"line":4,"column":2},"end":{"line":4,"column":3}},"loc":{"start":{"line":4,"column":51},"end":{"line":7,"column":3}},"line":4},"1":{"name":"(anonymous_1)","decl":{"start":{"line":9,"column":2},"end":{"line":9,"column":3}},"loc":{"start":{"line":9,"column":26},"end":{"line":13,"column":3}},"line":9},"2":{"name":"(anonymous_2)","decl":{"start":{"line":15,"column":2},"end":{"line":15,"column":3}},"loc":{"start":{"line":15,"column":23},"end":{"line":17,"column":3}},"line":15}},"branchMap":{"0":{"loc":{"start":{"line":4,"column":14},"end":{"line":4,"column":49}},"type":"default-arg","locations":[{"start":{"line":4,"column":30},"end":{"line":4,"column":49}}],"line":4},"1":{"loc":{"start":{"line":11,"column":17},"end":{"line":11,"column":45}},"type":"cond-expr","locations":[{"start":{"line":11,"column":27},"end":{"line":11,"column":34}},{"start":{"line":11,"column":37},"end":{"line":11,"column":45}}],"line":11},"2":{"loc":{"start":{"line":28,"column":4},"end":{"line":28,"column":51}},"type":"if","locations":[{"start":{"line":28,"column":4},"end":{"line":28,"column":51}},{"start":{},"end":{}}],"line":28},"3":{"loc":{"start":{"line":33,"column":4},"end":{"line":34,"column":65}},"type":"if","locations":[{"start":{"line":33,"column":4},"end":{"line":34,"column":65}},{"start":{},"end":{}}],"line":33},"4":{"loc":{"start":{"line":33,"column":8},"end":{"line":33,"column":49}},"type":"binary-expr","locations":[{"start":{"line":33,"column":8},"end":{"line":33,"column":15}},{"start":{"line":33,"column":19},"end":{"line":33,"column":49}}],"line":33}},"s":{"0":1,"1":1,"2":1,"3":3,"4":2,"5":2,"6":1,"7":2,"8":4,"9":1,"10":3,"11":3,"12":1,"13":1},"f":{"0":1,"1":3,"2":1},"b":{"0":[1],"1":[1,1],"2":[1,3],"3":[1,2],"4":[3,2]},"_coverageSchema":"1a1c01bbd47fc00a2c39e90264f33305004495a9","hash":"eaef38bc3409af938b62b6657869096ce446c0f7"}
}
